Merging plugins...
Remapping texture index: (7 -> 124) az_tx_v_floor
Remapping texture index: (8 -> 126) az_tx_v_gravel
Remapping texture index: (1 -> 103) az_tx_ai_dirt_road
Remapping texture index: (2 -> 104) az_tx_ai_grass_dirt
Remapping texture index: (5 -> 118) az_tx_ai_grass_rocky
Remapping texture index: (3 -> 105) az_tx_ai_dirt_01
Remapping texture index: (9 -> 138) az_tx_coast_rock_01
Remapping texture index: (10 -> 139) az_tx_sand_01
Remapping texture index: (0 -> 93) az_tx_rock
Remapping texture index: (6 -> 121) az_tx_ai_grass_00
Remapping texture index: (4 -> 117) az_tx_ai_grass_01
Merging object to master: LTEX az_tx_v_floor
Merging object to master: LTEX az_tx_v_gravel
Merging object to master: LTEX az_tx_ai_dirt_road
Merging object to master: LTEX az_tx_ai_grass_dirt
Merging object to master: LTEX az_tx_ai_grass_rocky
Merging object to master: LTEX az_tx_ai_dirt_01
Merging object to master: LTEX az_tx_coast_rock_01
Merging object to master: LTEX az_tx_sand_01
Merging object to master: LTEX az_tx_rock
Merging object to master: LTEX az_tx_ai_grass_00
Merging object to master: LTEX az_tx_ai_grass_01
Merging exterior to master: (88, -75)
Merging exterior to master: (87, -75)
Merging exterior to master: (87, -76)
Merging exterior to master: (88, -76)
Saving results...
Finished!
